<?xml version="1.0" encoding="UTF-8"?>
<!-- Generated by org.testng.reporters.JUnitReportReporter -->
<testsuite hostname="ATUL-DESKTOP" failures="0" tests="1" name="com.stqa.practical.fourteen.assertsNotEquals" time="3.661" errors="0" timestamp="2024-01-24T22:21:24 IST" skipped="0">
  <testcase classname="com.stqa.practical.fourteen.assertsNotEquals" name="testAssertFunctions" time="3.661"/>
  <system-out/>
</testsuite> <!-- com.stqa.practical.fourteen.assertsNotEquals -->
