<?xml version="1.0" encoding="UTF-8"?>
<!-- Generated by org.testng.reporters.JUnitReportReporter -->
<testsuite hostname="ATUL-DESKTOP" failures="0" tests="1" name="com.stqa.practical.fourteen.assertNull" time="3.537" errors="0" timestamp="2024-01-24T22:29:21 IST" skipped="0">
  <testcase classname="com.stqa.practical.fourteen.assertNull" name="testAssertFunctions" time="3.537"/>
  <system-out/>
</testsuite> <!-- com.stqa.practical.fourteen.assertNull -->
