<?xml version="1.0" encoding="UTF-8"?>
<!-- Generated by org.testng.reporters.JUnitReportReporter -->
<testsuite hostname="ATUL-DESKTOP" failures="0" tests="1" name="com.stqa.practical.fourteen.assertNotNull" time="3.564" errors="0" timestamp="2024-01-24T22:28:54 IST" skipped="0">
  <testcase classname="com.stqa.practical.fourteen.assertNotNull" name="testAssertFunctions" time="3.564"/>
  <system-out/>
</testsuite> <!-- com.stqa.practical.fourteen.assertNotNull -->
