<?xml version="1.0" encoding="UTF-8"?>
<!-- Generated by org.testng.reporters.JUnitReportReporter -->
<testsuite hostname="ATUL-DESKTOP" failures="0" tests="1" name="usingFirefoxDriver.DataDriven" time="0.000" errors="0" timestamp="2024-01-24T18:27:06 IST" skipped="1">
  <testcase classname="usingFirefoxDriver.DataDriven" name="demoClass" time="0.000">
    <skipped/>
  </testcase> <!-- demoClass -->
  <system-out/>
</testsuite> <!-- usingFirefoxDriver.DataDriven -->
