<?xml version="1.0" encoding="UTF-8"?>
<!-- Generated by org.testng.reporters.JUnitReportReporter -->
<testsuite hostname="Atul-Laptop" failures="0" tests="3" name="testNG.TestNGTestOne" time="0.029" errors="0" timestamp="2024-01-16T11:29:34 IST" skipped="0">
  <testcase classname="testNG.TestNGTestOne" name="deletemain" time="0.009"/>
  <system-out/>
  <testcase classname="testNG.TestNGTestOne" name="searchmail" time="0.006"/>
  <system-out/>
  <testcase classname="testNG.TestNGTestOne" name="composemail" time="0.014"/>
  <system-out/>
</testsuite> <!-- testNG.TestNGTestOne -->
