<?xml version="1.0" encoding="UTF-8"?>
<!-- Generated by org.testng.reporters.JUnitReportReporter -->
<testsuite hostname="ATUL-DESKTOP" failures="0" tests="3" name="com.stqa.practical.twelve.AnnotationTestNG" time="0.005" errors="0" timestamp="2024-01-24T22:00:21 IST" skipped="0">
  <testcase classname="com.stqa.practical.twelve.AnnotationTestNG" name="composemail" time="0.004"/>
  <system-out/>
  <testcase classname="com.stqa.practical.twelve.AnnotationTestNG" name="searchmail" time="0.000"/>
  <system-out/>
  <testcase classname="com.stqa.practical.twelve.AnnotationTestNG" name="deletemain" time="0.001"/>
  <system-out/>
</testsuite> <!-- com.stqa.practical.twelve.AnnotationTestNG -->
