<?xml version="1.0" encoding="UTF-8"?>
<!-- Generated by org.testng.reporters.JUnitReportReporter -->
<testsuite hostname="Atul-Laptop" failures="0" tests="1" name="com.tests.assertNotNull" time="26.602" errors="0" timestamp="2024-01-16T12:06:37 IST" skipped="0">
  <testcase classname="com.tests.assertNotNull" name="testAssertFunctions" time="26.602"/>
  <system-out/>
</testsuite> <!-- com.tests.assertNotNull -->
