<?xml version="1.0" encoding="UTF-8"?>
<!-- Generated by org.testng.reporters.JUnitReportReporter -->
<testsuite hostname="Atul-Laptop" failures="0" tests="1" name="com.tests.assertNull" time="15.861" errors="0" timestamp="2024-01-16T12:03:56 IST" skipped="0">
  <testcase classname="com.tests.assertNull" name="testAssertFunctions" time="15.861"/>
  <system-out/>
</testsuite> <!-- com.tests.assertNull -->
