<?xml version="1.0" encoding="UTF-8"?>
<!-- Generated by org.testng.reporters.JUnitReportReporter -->
<testsuite hostname="Atul-Laptop" failures="0" tests="1" name="com.tests.HardAssert" time="9.719" errors="0" timestamp="2024-01-24T14:56:17 IST" skipped="0">
  <testcase classname="com.tests.HardAssert" name="testAssertFunctions" time="9.719"/>
  <system-out/>
</testsuite> <!-- com.tests.HardAssert -->
