<?xml version="1.0" encoding="UTF-8"?>
<!-- Generated by org.testng.reporters.JUnitReportReporter -->
<testsuite hostname="Atul-Laptop" failures="0" tests="1" name="com.tests.assertTrue" time="12.855" errors="0" timestamp="2024-01-16T12:01:03 IST" skipped="0">
  <testcase classname="com.tests.assertTrue" name="testAssertFunctions" time="12.855"/>
  <system-out/>
</testsuite> <!-- com.tests.assertTrue -->
