<?xml version="1.0" encoding="UTF-8"?>
<!-- Generated by org.testng.reporters.JUnitReportReporter -->
<testsuite hostname="Atul-Laptop" failures="0" tests="1" name="com.tests.assertNotEquals" time="10.261" errors="0" timestamp="2024-01-16T11:52:07 IST" skipped="0">
  <testcase classname="com.tests.assertNotEquals" name="testAssertFunctions" time="10.261"/>
  <system-out/>
</testsuite> <!-- com.tests.assertNotEquals -->
