<?xml version="1.0" encoding="UTF-8"?>
<!-- Generated by org.testng.reporters.JUnitReportReporter -->
<testsuite hostname="Atul-Laptop" failures="0" tests="1" name="com.tests.assertFalse" time="10.112" errors="0" timestamp="2024-01-16T12:01:42 IST" skipped="0">
  <testcase classname="com.tests.assertFalse" name="testAssertFunctions" time="10.112"/>
  <system-out/>
</testsuite> <!-- com.tests.assertFalse -->
